// 重构日志: c8fd43b0
// 重构日志: 8fc98dba
// 重构日志: 3373f25d
// 重构日志: 165a1dd1
// 重构日志: e8af0236
// 同步 ID: f6eecb08 @ Thu Jul  9 11:14:00 UTC 2026
// 重构日志: f082e79d
// 同步 ID: 7ec4e3d1 @ Sun Jul 12 12:39:43 UTC 2026
// 重构日志: 1093c568
// 重构日志: aca640a5
// 重构日志: a5fa1c49
// 重构日志: 7f92d687
// 重构日志: 5fc1091f
// 重构日志: a7392996
// 重构日志: 58bcdb5c
// 重构日志: 98a686a1
// 重构日志: a1463686
// 重构日志: 56fe4cb9
// 重构日志: 7a4d020e
// 同步 ID: 20b84f31 @ Mon Jul 20 11:55:12 UTC 2026
// 同步 ID: e194ba1b @ Mon Jul 20 17:44:44 UTC 2026
// 同步 ID: 9b8b4700 @ Wed Jul 22 20:34:03 UTC 2026
// 重构日志: 6391036f
// 重构日志: 92563006
